<?xml version="1.0" encoding="UTF-8"?>
<testsuite name="runner.TestRunner" tests="19" skipped="0" failures="0" errors="0" timestamp="2023-07-26T20:43:52" hostname="LAPTOP-8TO5UG9A" time="14.232">
  <properties/>
  <testcase name="Validar codigo de estado 200 OK" classname="runner.TestRunner" time="2.792"/>
  <testcase name="Validar codigo de estado 405 cuando se envia id en el patch variable ya eliminado" classname="runner.TestRunner" time="0.684"/>
  <testcase name="Validar codigo de estado 200 OK" classname="runner.TestRunner" time="0.619"/>
  <testcase name="Validar que en el response del api GetBooking se visualice el atributo firstname" classname="runner.TestRunner" time="0.625"/>
  <testcase name="Validar codigo de estado 404 al enviar un id incorrecto" classname="runner.TestRunner" time="0.662"/>
  <testcase name="Validar codigo de estado 200 OK" classname="runner.TestRunner" time="0.675"/>
  <testcase name="Validar codigo de estado 404 cuando se envia id en el patch variable nulo" classname="runner.TestRunner" time="0.628"/>
  <testcase name="Validar la existencia de un atributo específico en la respuesta JSON #1" classname="runner.TestRunner" time="0.611"/>
  <testcase name="Validar la existencia de un atributo específico en la respuesta JSON #2" classname="runner.TestRunner" time="0.619"/>
  <testcase name="Validar la existencia de un atributo específico en la respuesta JSON #3" classname="runner.TestRunner" time="0.635"/>
  <testcase name="Validar la existencia de un atributo específico en la respuesta JSON #4" classname="runner.TestRunner" time="0.608"/>
  <testcase name="Validar codigo de estado 200 OK" classname="runner.TestRunner" time="0.626"/>
  <testcase name="Validar codigo de respuesta con error 404 al enviar la peticion con el patch incorrecto" classname="runner.TestRunner" time="0.649"/>
  <testcase name="Validar codigo de estado 200 OK" classname="runner.TestRunner" time="0.612"/>
  <testcase name="Validar codigo de estado 404 cuando se envia id en el patch variable nulo #1" classname="runner.TestRunner" time="0.605"/>
  <testcase name="Validar codigo de estado 404 cuando se envia id en el patch variable nulo #2" classname="runner.TestRunner" time="0.636"/>
  <testcase name="Validar codigo de estado 404 cuando se envia id en el patch variable nulo #3" classname="runner.TestRunner" time="0.622"/>
  <testcase name="Validar codigo de estado 404 cuando se envia id en el patch variable nulo #4" classname="runner.TestRunner" time="0.627"/>
  <testcase name="Validar codigo de estado 404 cuando se envia id en el patch variable nulo #5" classname="runner.TestRunner" time="0.648"/>
  <system-out><![CDATA[Request method:	DELETE
Request URI:	https://restful-booker.herokuapp.com/booking/30
Proxy:			<none>
Request params:	<none>
Query params:	<none>
Form params:	<none>
Path params:	<none>
Headers:		Authorization=Basic YWRtaW46cGFzc3dvcmQxMjM=
				Accept=*/*
				Content-Type=application/json
Cookies:		<none>
Multiparts:		<none>
Body:			<none>
HTTP/1.1 201 Created
Server: Cowboy
Connection: keep-alive
X-Powered-By: Express
Content-Type: text/plain; charset=utf-8
Content-Length: 7
Etag: W/"7-rM9AyJuqT6iOan/xHh+AW+7K/T8"
Date: Wed, 26 Jul 2023 20:43:55 GMT
Via: 1.1 vegur

Created
Request method:	DELETE
Request URI:	https://restful-booker.herokuapp.com/booking/6
Proxy:			<none>
Request params:	<none>
Query params:	<none>
Form params:	<none>
Path params:	<none>
Headers:		Authorization=Basic YWRtaW46cGFzc3dvcmQxMjM=
				Accept=*/*
				Content-Type=application/json
Cookies:		<none>
Multiparts:		<none>
Body:			<none>
HTTP/1.1 201 Created
Server: Cowboy
Connection: keep-alive
X-Powered-By: Express
Content-Type: text/plain; charset=utf-8
Content-Length: 7
Etag: W/"7-rM9AyJuqT6iOan/xHh+AW+7K/T8"
Date: Wed, 26 Jul 2023 20:43:56 GMT
Via: 1.1 vegur

Created
Request method:	PATCH
Request URI:	https://restful-booker.herokuapp.com/booking/1
Proxy:			<none>
Request params:	<none>
Query params:	<none>
Form params:	<none>
Path params:	<none>
Headers:		Authorization=Basic YWRtaW46cGFzc3dvcmQxMjM=
				Accept=*/*
				Content-Type=application/json
Cookies:		<none>
Multiparts:		<none>
Body:
src\test\resources\json\BookingPartialUpdateBooking.json
HTTP/1.1 200 OK
Server: Cowboy
Connection: keep-alive
X-Powered-By: Express
Content-Type: application/json; charset=utf-8
Content-Length: 169
Etag: W/"a9-/oSwsva0lV3JE+rBQdavW4jYFko"
Date: Wed, 26 Jul 2023 20:43:58 GMT
Via: 1.1 vegur

{
    "firstname": "Yape",
    "lastname": "Brown",
    "totalprice": 112,
    "depositpaid": true,
    "bookingdates": {
        "checkin": "2018-01-01",
        "checkout": "2019-01-01"
    },
    "additionalneeds": "Breakfast"
}
Request method:	PATCH
Request URI:	https://restful-booker.herokuapp.com/booking/
Proxy:			<none>
Request params:	<none>
Query params:	<none>
Form params:	<none>
Path params:	<none>
Headers:		Authorization=Basic YWRtaW46cGFzc3dvcmQxMjM=
				Accept=*/*
				Content-Type=application/json
Cookies:		<none>
Multiparts:		<none>
Body:
src\test\resources\json\BookingPartialUpdateBooking.json
HTTP/1.1 404 Not Found
Server: Cowboy
Connection: keep-alive
X-Powered-By: Express
Content-Type: text/plain; charset=utf-8
Content-Length: 9
Etag: W/"9-0gXL1ngzMqISxa6S1zx3F4wtLyg"
Date: Wed, 26 Jul 2023 20:43:59 GMT
Via: 1.1 vegur

Not Found
Request method:	PATCH
Request URI:	https://restful-booker.herokuapp.com/booking/1
Proxy:			<none>
Request params:	<none>
Query params:	<none>
Form params:	<none>
Path params:	<none>
Headers:		Authorization=Basic YWRtaW46cGFzc3dvcmQxMjM=
				Accept=*/*
				Content-Type=application/json
Cookies:		<none>
Multiparts:		<none>
Body:
src\test\resources\json\BookingPartialUpdateBooking.json
HTTP/1.1 200 OK
Server: Cowboy
Connection: keep-alive
X-Powered-By: Express
Content-Type: application/json; charset=utf-8
Content-Length: 169
Etag: W/"a9-/oSwsva0lV3JE+rBQdavW4jYFko"
Date: Wed, 26 Jul 2023 20:44:00 GMT
Via: 1.1 vegur

{
    "firstname": "Yape",
    "lastname": "Brown",
    "totalprice": 112,
    "depositpaid": true,
    "bookingdates": {
        "checkin": "2018-01-01",
        "checkout": "2019-01-01"
    },
    "additionalneeds": "Breakfast"
}
Request method:	PATCH
Request URI:	https://restful-booker.herokuapp.com/booking/1
Proxy:			<none>
Request params:	<none>
Query params:	<none>
Form params:	<none>
Path params:	<none>
Headers:		Authorization=Basic YWRtaW46cGFzc3dvcmQxMjM=
				Accept=*/*
				Content-Type=application/json
Cookies:		<none>
Multiparts:		<none>
Body:
src\test\resources\json\BookingPartialUpdateBooking.json
HTTP/1.1 200 OK
Server: Cowboy
Connection: keep-alive
X-Powered-By: Express
Content-Type: application/json; charset=utf-8
Content-Length: 169
Etag: W/"a9-/oSwsva0lV3JE+rBQdavW4jYFko"
Date: Wed, 26 Jul 2023 20:44:00 GMT
Via: 1.1 vegur

{
    "firstname": "Yape",
    "lastname": "Brown",
    "totalprice": 112,
    "depositpaid": true,
    "bookingdates": {
        "checkin": "2018-01-01",
        "checkout": "2019-01-01"
    },
    "additionalneeds": "Breakfast"
}
Request method:	PATCH
Request URI:	https://restful-booker.herokuapp.com/booking/1
Proxy:			<none>
Request params:	<none>
Query params:	<none>
Form params:	<none>
Path params:	<none>
Headers:		Authorization=Basic YWRtaW46cGFzc3dvcmQxMjM=
				Accept=*/*
				Content-Type=application/json
Cookies:		<none>
Multiparts:		<none>
Body:
src\test\resources\json\BookingPartialUpdateBooking.json
HTTP/1.1 200 OK
Server: Cowboy
Connection: keep-alive
X-Powered-By: Express
Content-Type: application/json; charset=utf-8
Content-Length: 169
Etag: W/"a9-/oSwsva0lV3JE+rBQdavW4jYFko"
Date: Wed, 26 Jul 2023 20:44:01 GMT
Via: 1.1 vegur

{
    "firstname": "Yape",
    "lastname": "Brown",
    "totalprice": 112,
    "depositpaid": true,
    "bookingdates": {
        "checkin": "2018-01-01",
        "checkout": "2019-01-01"
    },
    "additionalneeds": "Breakfast"
}
Request method:	PATCH
Request URI:	https://restful-booker.herokuapp.com/booking/1
Proxy:			<none>
Request params:	<none>
Query params:	<none>
Form params:	<none>
Path params:	<none>
Headers:		Authorization=Basic YWRtaW46cGFzc3dvcmQxMjM=
				Accept=*/*
				Content-Type=application/json
Cookies:		<none>
Multiparts:		<none>
Body:
src\test\resources\json\BookingPartialUpdateBooking.json
HTTP/1.1 200 OK
Server: Cowboy
Connection: keep-alive
X-Powered-By: Express
Content-Type: application/json; charset=utf-8
Content-Length: 169
Etag: W/"a9-/oSwsva0lV3JE+rBQdavW4jYFko"
Date: Wed, 26 Jul 2023 20:44:02 GMT
Via: 1.1 vegur

{
    "firstname": "Yape",
    "lastname": "Brown",
    "totalprice": 112,
    "depositpaid": true,
    "bookingdates": {
        "checkin": "2018-01-01",
        "checkout": "2019-01-01"
    },
    "additionalneeds": "Breakfast"
}
Request method:	POST
Request URI:	https://restful-booker.herokuapp.com/auth
Proxy:			<none>
Request params:	<none>
Query params:	<none>
Form params:	<none>
Path params:	<none>
Headers:		Accept=*/*
				Content-Type=application/json
Cookies:		<none>
Multiparts:		<none>
Body:
src\test\resources\json\Auth.json
HTTP/1.1 200 OK
Server: Cowboy
Connection: keep-alive
X-Powered-By: Express
Content-Type: application/json; charset=utf-8
Content-Length: 27
Etag: W/"1b-jeSQ9u0yOqrZqOf3NA0QsvNp/wc"
Date: Wed, 26 Jul 2023 20:44:02 GMT
Via: 1.1 vegur

{
    "token": "5f9d8883e82e66d"
}
Request method:	POST
Request URI:	https://restful-booker.herokuapp.com/aut
Proxy:			<none>
Request params:	<none>
Query params:	<none>
Form params:	<none>
Path params:	<none>
Headers:		Accept=*/*
				Content-Type=application/json
Cookies:		<none>
Multiparts:		<none>
Body:
src\test\resources\json\Auth.json
HTTP/1.1 404 Not Found
Server: Cowboy
Connection: keep-alive
X-Powered-By: Express
Content-Type: text/plain; charset=utf-8
Content-Length: 9
Etag: W/"9-0gXL1ngzMqISxa6S1zx3F4wtLyg"
Date: Wed, 26 Jul 2023 20:44:03 GMT
Via: 1.1 vegur

Not Found
Request method:	PUT
Request URI:	https://restful-booker.herokuapp.com/booking/1
Proxy:			<none>
Request params:	<none>
Query params:	<none>
Form params:	<none>
Path params:	<none>
Headers:		Authorization=Basic YWRtaW46cGFzc3dvcmQxMjM=
				Accept=*/*
				Content-Type=application/json
Cookies:		<none>
Multiparts:		<none>
Body:
src\test\resources\json\BookingUpdateBooking.json
HTTP/1.1 200 OK
Server: Cowboy
Connection: keep-alive
X-Powered-By: Express
Content-Type: application/json; charset=utf-8
Content-Length: 166
Etag: W/"a6-mQGIp/M6T7COTd13vnX8jP67vCc"
Date: Wed, 26 Jul 2023 20:44:03 GMT
Via: 1.1 vegur

{
    "firstname": "James",
    "lastname": "o",
    "totalprice": 112,
    "depositpaid": true,
    "bookingdates": {
        "checkin": "2018-01-01",
        "checkout": "2019-01-01"
    },
    "additionalneeds": "Breakfast"
}
Request method:	PUT
Request URI:	https://restful-booker.herokuapp.com/booking/
Proxy:			<none>
Request params:	<none>
Query params:	<none>
Form params:	<none>
Path params:	<none>
Headers:		Authorization=Basic YWRtaW46cGFzc3dvcmQxMjM=
				Accept=*/*
				Content-Type=application/json
Cookies:		<none>
Multiparts:		<none>
Body:
src\test\resources\json\BookingUpdateBooking.json
HTTP/1.1 404 Not Found
Server: Cowboy
Connection: keep-alive
X-Powered-By: Express
Content-Type: text/plain; charset=utf-8
Content-Length: 9
Etag: W/"9-0gXL1ngzMqISxa6S1zx3F4wtLyg"
Date: Wed, 26 Jul 2023 20:44:04 GMT
Via: 1.1 vegur

Not Found
Request method:	PUT
Request URI:	https://restful-booker.herokuapp.com/booking/1
Proxy:			<none>
Request params:	<none>
Query params:	<none>
Form params:	<none>
Path params:	<none>
Headers:		Authorization=Basic YWRtaW46cGFzc3dvcmQxMjM=
				Accept=*/*
				Content-Type=application/json
Cookies:		<none>
Multiparts:		<none>
Body:
src\test\resources\json\BookingUpdateBooking.json
HTTP/1.1 200 OK
Server: Cowboy
Connection: keep-alive
X-Powered-By: Express
Content-Type: application/json; charset=utf-8
Content-Length: 166
Etag: W/"a6-mQGIp/M6T7COTd13vnX8jP67vCc"
Date: Wed, 26 Jul 2023 20:44:05 GMT
Via: 1.1 vegur

{
    "firstname": "James",
    "lastname": "o",
    "totalprice": 112,
    "depositpaid": true,
    "bookingdates": {
        "checkin": "2018-01-01",
        "checkout": "2019-01-01"
    },
    "additionalneeds": "Breakfast"
}
Request method:	PUT
Request URI:	https://restful-booker.herokuapp.com/booking/1
Proxy:			<none>
Request params:	<none>
Query params:	<none>
Form params:	<none>
Path params:	<none>
Headers:		Authorization=Basic YWRtaW46cGFzc3dvcmQxMjM=
				Accept=*/*
				Content-Type=application/json
Cookies:		<none>
Multiparts:		<none>
Body:
src\test\resources\json\BookingUpdateBooking.json
HTTP/1.1 200 OK
Server: Cowboy
Connection: keep-alive
X-Powered-By: Express
Content-Type: application/json; charset=utf-8
Content-Length: 166
Etag: W/"a6-mQGIp/M6T7COTd13vnX8jP67vCc"
Date: Wed, 26 Jul 2023 20:44:05 GMT
Via: 1.1 vegur

{
    "firstname": "James",
    "lastname": "o",
    "totalprice": 112,
    "depositpaid": true,
    "bookingdates": {
        "checkin": "2018-01-01",
        "checkout": "2019-01-01"
    },
    "additionalneeds": "Breakfast"
}
Request method:	PUT
Request URI:	https://restful-booker.herokuapp.com/booking/1
Proxy:			<none>
Request params:	<none>
Query params:	<none>
Form params:	<none>
Path params:	<none>
Headers:		Authorization=Basic YWRtaW46cGFzc3dvcmQxMjM=
				Accept=*/*
				Content-Type=application/json
Cookies:		<none>
Multiparts:		<none>
Body:
src\test\resources\json\BookingUpdateBooking.json
HTTP/1.1 200 OK
Server: Cowboy
Connection: keep-alive
X-Powered-By: Express
Content-Type: application/json; charset=utf-8
Content-Length: 166
Etag: W/"a6-mQGIp/M6T7COTd13vnX8jP67vCc"
Date: Wed, 26 Jul 2023 20:44:06 GMT
Via: 1.1 vegur

{
    "firstname": "James",
    "lastname": "o",
    "totalprice": 112,
    "depositpaid": true,
    "bookingdates": {
        "checkin": "2018-01-01",
        "checkout": "2019-01-01"
    },
    "additionalneeds": "Breakfast"
}
Request method:	PUT
Request URI:	https://restful-booker.herokuapp.com/booking/1
Proxy:			<none>
Request params:	<none>
Query params:	<none>
Form params:	<none>
Path params:	<none>
Headers:		Authorization=Basic YWRtaW46cGFzc3dvcmQxMjM=
				Accept=*/*
				Content-Type=application/json
Cookies:		<none>
Multiparts:		<none>
Body:
src\test\resources\json\BookingUpdateBooking.json
HTTP/1.1 200 OK
Server: Cowboy
Connection: keep-alive
X-Powered-By: Express
Content-Type: application/json; charset=utf-8
Content-Length: 166
Etag: W/"a6-mQGIp/M6T7COTd13vnX8jP67vCc"
Date: Wed, 26 Jul 2023 20:44:07 GMT
Via: 1.1 vegur

{
    "firstname": "James",
    "lastname": "o",
    "totalprice": 112,
    "depositpaid": true,
    "bookingdates": {
        "checkin": "2018-01-01",
        "checkout": "2019-01-01"
    },
    "additionalneeds": "Breakfast"
}
]]></system-out>
  <system-err><![CDATA[????????????????????????????????????????????????????????????????????????????
? View your Cucumber Report at:                                            ?
? https://reports.cucumber.io/reports/bf58184b-fd97-4a4a-9d10-bacfc8ecb4c3 ?
?                                                                          ?
? This report will self-destruct in 24h.                                   ?
? Keep reports forever: https://reports.cucumber.io/profile                ?
????????????????????????????????????????????????????????????????????????????]]></system-err>
</testsuite>
