<?xml version="1.0" encoding="UTF-8"?>
<testsuite name="runner.TestRunner" tests="18" skipped="0" failures="0" errors="0" timestamp="2023-07-27T00:13:15" hostname="LAPTOP-8TO5UG9A" time="13.134">
  <properties/>
  <testcase name="Validar codigo de estado 200 OK" classname="runner.TestRunner" time="2.345"/>
  <testcase name="Validar codigo de estado 200 OK" classname="runner.TestRunner" time="0.617"/>
  <testcase name="Validar que en el response del api GetBooking se visualice el atributo firstname" classname="runner.TestRunner" time="0.616"/>
  <testcase name="Validar codigo de estado 404 al enviar un id incorrecto" classname="runner.TestRunner" time="0.608"/>
  <testcase name="Validar codigo de estado 200 OK" classname="runner.TestRunner" time="0.681"/>
  <testcase name="Validar codigo de estado 404 cuando se envia id en el patch variable nulo" classname="runner.TestRunner" time="0.619"/>
  <testcase name="Validar la existencia de un atributo específico en la respuesta JSON #1" classname="runner.TestRunner" time="0.626"/>
  <testcase name="Validar la existencia de un atributo específico en la respuesta JSON #2" classname="runner.TestRunner" time="0.707"/>
  <testcase name="Validar la existencia de un atributo específico en la respuesta JSON #3" classname="runner.TestRunner" time="0.632"/>
  <testcase name="Validar la existencia de un atributo específico en la respuesta JSON #4" classname="runner.TestRunner" time="0.651"/>
  <testcase name="Validar codigo de estado 200 OK" classname="runner.TestRunner" time="0.617"/>
  <testcase name="Validar codigo de respuesta con error 404 al enviar la peticion con el patch incorrecto" classname="runner.TestRunner" time="0.611"/>
  <testcase name="Validar codigo de estado 200 OK" classname="runner.TestRunner" time="0.624"/>
  <testcase name="Validar codigo de estado 404 cuando se envia id en el patch variable nulo #1" classname="runner.TestRunner" time="0.623"/>
  <testcase name="Validar codigo de estado 404 cuando se envia id en el patch variable nulo #2" classname="runner.TestRunner" time="0.603"/>
  <testcase name="Validar codigo de estado 404 cuando se envia id en el patch variable nulo #3" classname="runner.TestRunner" time="0.653"/>
  <testcase name="Validar codigo de estado 404 cuando se envia id en el patch variable nulo #4" classname="runner.TestRunner" time="0.623"/>
  <testcase name="Validar codigo de estado 404 cuando se envia id en el patch variable nulo #5" classname="runner.TestRunner" time="0.65"/>
  <system-out><![CDATA[Request method:	DELETE
Request URI:	https://restful-booker.herokuapp.com/booking/23
Proxy:			<none>
Request params:	<none>
Query params:	<none>
Form params:	<none>
Path params:	<none>
Headers:		Authorization=Basic YWRtaW46cGFzc3dvcmQxMjM=
				Accept=*/*
				Content-Type=application/json
Cookies:		<none>
Multiparts:		<none>
Body:			<none>
HTTP/1.1 405 Method Not Allowed
Server: Cowboy
Connection: keep-alive
X-Powered-By: Express
Content-Type: text/plain; charset=utf-8
Content-Length: 18
Etag: W/"12-UGJMK66P4abaBlq0vKHJaCKuGCA"
Date: Thu, 27 Jul 2023 00:13:17 GMT
Via: 1.1 vegur

Method Not Allowed
Request method:	PATCH
Request URI:	https://restful-booker.herokuapp.com/booking/1
Proxy:			<none>
Request params:	<none>
Query params:	<none>
Form params:	<none>
Path params:	<none>
Headers:		Authorization=Basic YWRtaW46cGFzc3dvcmQxMjM=
				Accept=*/*
				Content-Type=application/json
Cookies:		<none>
Multiparts:		<none>
Body:
src\test\resources\json\BookingPartialUpdateBooking.json
HTTP/1.1 200 OK
Server: Cowboy
Connection: keep-alive
X-Powered-By: Express
Content-Type: application/json; charset=utf-8
Content-Length: 169
Etag: W/"a9-/oSwsva0lV3JE+rBQdavW4jYFko"
Date: Thu, 27 Jul 2023 00:13:19 GMT
Via: 1.1 vegur

{
    "firstname": "Yape",
    "lastname": "Brown",
    "totalprice": 112,
    "depositpaid": true,
    "bookingdates": {
        "checkin": "2018-01-01",
        "checkout": "2019-01-01"
    },
    "additionalneeds": "Breakfast"
}
Request method:	PATCH
Request URI:	https://restful-booker.herokuapp.com/booking/
Proxy:			<none>
Request params:	<none>
Query params:	<none>
Form params:	<none>
Path params:	<none>
Headers:		Authorization=Basic YWRtaW46cGFzc3dvcmQxMjM=
				Accept=*/*
				Content-Type=application/json
Cookies:		<none>
Multiparts:		<none>
Body:
src\test\resources\json\BookingPartialUpdateBooking.json
HTTP/1.1 404 Not Found
Server: Cowboy
Connection: keep-alive
X-Powered-By: Express
Content-Type: text/plain; charset=utf-8
Content-Length: 9
Etag: W/"9-0gXL1ngzMqISxa6S1zx3F4wtLyg"
Date: Thu, 27 Jul 2023 00:13:20 GMT
Via: 1.1 vegur

Not Found
Request method:	PATCH
Request URI:	https://restful-booker.herokuapp.com/booking/1
Proxy:			<none>
Request params:	<none>
Query params:	<none>
Form params:	<none>
Path params:	<none>
Headers:		Authorization=Basic YWRtaW46cGFzc3dvcmQxMjM=
				Accept=*/*
				Content-Type=application/json
Cookies:		<none>
Multiparts:		<none>
Body:
src\test\resources\json\BookingPartialUpdateBooking.json
HTTP/1.1 200 OK
Server: Cowboy
Connection: keep-alive
X-Powered-By: Express
Content-Type: application/json; charset=utf-8
Content-Length: 169
Etag: W/"a9-/oSwsva0lV3JE+rBQdavW4jYFko"
Date: Thu, 27 Jul 2023 00:13:21 GMT
Via: 1.1 vegur

{
    "firstname": "Yape",
    "lastname": "Brown",
    "totalprice": 112,
    "depositpaid": true,
    "bookingdates": {
        "checkin": "2018-01-01",
        "checkout": "2019-01-01"
    },
    "additionalneeds": "Breakfast"
}
Request method:	PATCH
Request URI:	https://restful-booker.herokuapp.com/booking/1
Proxy:			<none>
Request params:	<none>
Query params:	<none>
Form params:	<none>
Path params:	<none>
Headers:		Authorization=Basic YWRtaW46cGFzc3dvcmQxMjM=
				Accept=*/*
				Content-Type=application/json
Cookies:		<none>
Multiparts:		<none>
Body:
src\test\resources\json\BookingPartialUpdateBooking.json
HTTP/1.1 200 OK
Server: Cowboy
Connection: keep-alive
X-Powered-By: Express
Content-Type: application/json; charset=utf-8
Content-Length: 169
Etag: W/"a9-/oSwsva0lV3JE+rBQdavW4jYFko"
Date: Thu, 27 Jul 2023 00:13:21 GMT
Via: 1.1 vegur

{
    "firstname": "Yape",
    "lastname": "Brown",
    "totalprice": 112,
    "depositpaid": true,
    "bookingdates": {
        "checkin": "2018-01-01",
        "checkout": "2019-01-01"
    },
    "additionalneeds": "Breakfast"
}
Request method:	PATCH
Request URI:	https://restful-booker.herokuapp.com/booking/1
Proxy:			<none>
Request params:	<none>
Query params:	<none>
Form params:	<none>
Path params:	<none>
Headers:		Authorization=Basic YWRtaW46cGFzc3dvcmQxMjM=
				Accept=*/*
				Content-Type=application/json
Cookies:		<none>
Multiparts:		<none>
Body:
src\test\resources\json\BookingPartialUpdateBooking.json
HTTP/1.1 200 OK
Server: Cowboy
Connection: keep-alive
X-Powered-By: Express
Content-Type: application/json; charset=utf-8
Content-Length: 169
Etag: W/"a9-/oSwsva0lV3JE+rBQdavW4jYFko"
Date: Thu, 27 Jul 2023 00:13:22 GMT
Via: 1.1 vegur

{
    "firstname": "Yape",
    "lastname": "Brown",
    "totalprice": 112,
    "depositpaid": true,
    "bookingdates": {
        "checkin": "2018-01-01",
        "checkout": "2019-01-01"
    },
    "additionalneeds": "Breakfast"
}
Request method:	PATCH
Request URI:	https://restful-booker.herokuapp.com/booking/1
Proxy:			<none>
Request params:	<none>
Query params:	<none>
Form params:	<none>
Path params:	<none>
Headers:		Authorization=Basic YWRtaW46cGFzc3dvcmQxMjM=
				Accept=*/*
				Content-Type=application/json
Cookies:		<none>
Multiparts:		<none>
Body:
src\test\resources\json\BookingPartialUpdateBooking.json
HTTP/1.1 200 OK
Server: Cowboy
Connection: keep-alive
X-Powered-By: Express
Content-Type: application/json; charset=utf-8
Content-Length: 169
Etag: W/"a9-/oSwsva0lV3JE+rBQdavW4jYFko"
Date: Thu, 27 Jul 2023 00:13:23 GMT
Via: 1.1 vegur

{
    "firstname": "Yape",
    "lastname": "Brown",
    "totalprice": 112,
    "depositpaid": true,
    "bookingdates": {
        "checkin": "2018-01-01",
        "checkout": "2019-01-01"
    },
    "additionalneeds": "Breakfast"
}
Request method:	POST
Request URI:	https://restful-booker.herokuapp.com/auth
Proxy:			<none>
Request params:	<none>
Query params:	<none>
Form params:	<none>
Path params:	<none>
Headers:		Accept=*/*
				Content-Type=application/json
Cookies:		<none>
Multiparts:		<none>
Body:
src\test\resources\json\Auth.json
HTTP/1.1 200 OK
Server: Cowboy
Connection: keep-alive
X-Powered-By: Express
Content-Type: application/json; charset=utf-8
Content-Length: 27
Etag: W/"1b-PbVS7ncJFOs1e6O3tTORJfRRQy4"
Date: Thu, 27 Jul 2023 00:13:23 GMT
Via: 1.1 vegur

{
    "token": "313dd08e76d367a"
}
Request method:	POST
Request URI:	https://restful-booker.herokuapp.com/aut
Proxy:			<none>
Request params:	<none>
Query params:	<none>
Form params:	<none>
Path params:	<none>
Headers:		Accept=*/*
				Content-Type=application/json
Cookies:		<none>
Multiparts:		<none>
Body:
src\test\resources\json\Auth.json
HTTP/1.1 404 Not Found
Server: Cowboy
Connection: keep-alive
X-Powered-By: Express
Content-Type: text/plain; charset=utf-8
Content-Length: 9
Etag: W/"9-0gXL1ngzMqISxa6S1zx3F4wtLyg"
Date: Thu, 27 Jul 2023 00:13:24 GMT
Via: 1.1 vegur

Not Found
Request method:	PUT
Request URI:	https://restful-booker.herokuapp.com/booking/1
Proxy:			<none>
Request params:	<none>
Query params:	<none>
Form params:	<none>
Path params:	<none>
Headers:		Authorization=Basic YWRtaW46cGFzc3dvcmQxMjM=
				Accept=*/*
				Content-Type=application/json
Cookies:		<none>
Multiparts:		<none>
Body:
src\test\resources\json\BookingUpdateBooking.json
HTTP/1.1 200 OK
Server: Cowboy
Connection: keep-alive
X-Powered-By: Express
Content-Type: application/json; charset=utf-8
Content-Length: 166
Etag: W/"a6-mQGIp/M6T7COTd13vnX8jP67vCc"
Date: Thu, 27 Jul 2023 00:13:25 GMT
Via: 1.1 vegur

{
    "firstname": "James",
    "lastname": "o",
    "totalprice": 112,
    "depositpaid": true,
    "bookingdates": {
        "checkin": "2018-01-01",
        "checkout": "2019-01-01"
    },
    "additionalneeds": "Breakfast"
}
Request method:	PUT
Request URI:	https://restful-booker.herokuapp.com/booking/
Proxy:			<none>
Request params:	<none>
Query params:	<none>
Form params:	<none>
Path params:	<none>
Headers:		Authorization=Basic YWRtaW46cGFzc3dvcmQxMjM=
				Accept=*/*
				Content-Type=application/json
Cookies:		<none>
Multiparts:		<none>
Body:
src\test\resources\json\BookingUpdateBooking.json
HTTP/1.1 404 Not Found
Server: Cowboy
Connection: keep-alive
X-Powered-By: Express
Content-Type: text/plain; charset=utf-8
Content-Length: 9
Etag: W/"9-0gXL1ngzMqISxa6S1zx3F4wtLyg"
Date: Thu, 27 Jul 2023 00:13:25 GMT
Via: 1.1 vegur

Not Found
Request method:	PUT
Request URI:	https://restful-booker.herokuapp.com/booking/1
Proxy:			<none>
Request params:	<none>
Query params:	<none>
Form params:	<none>
Path params:	<none>
Headers:		Authorization=Basic YWRtaW46cGFzc3dvcmQxMjM=
				Accept=*/*
				Content-Type=application/json
Cookies:		<none>
Multiparts:		<none>
Body:
src\test\resources\json\BookingUpdateBooking.json
HTTP/1.1 200 OK
Server: Cowboy
Connection: keep-alive
X-Powered-By: Express
Content-Type: application/json; charset=utf-8
Content-Length: 166
Etag: W/"a6-mQGIp/M6T7COTd13vnX8jP67vCc"
Date: Thu, 27 Jul 2023 00:13:26 GMT
Via: 1.1 vegur

{
    "firstname": "James",
    "lastname": "o",
    "totalprice": 112,
    "depositpaid": true,
    "bookingdates": {
        "checkin": "2018-01-01",
        "checkout": "2019-01-01"
    },
    "additionalneeds": "Breakfast"
}
Request method:	PUT
Request URI:	https://restful-booker.herokuapp.com/booking/1
Proxy:			<none>
Request params:	<none>
Query params:	<none>
Form params:	<none>
Path params:	<none>
Headers:		Authorization=Basic YWRtaW46cGFzc3dvcmQxMjM=
				Accept=*/*
				Content-Type=application/json
Cookies:		<none>
Multiparts:		<none>
Body:
src\test\resources\json\BookingUpdateBooking.json
HTTP/1.1 200 OK
Server: Cowboy
Connection: keep-alive
X-Powered-By: Express
Content-Type: application/json; charset=utf-8
Content-Length: 166
Etag: W/"a6-mQGIp/M6T7COTd13vnX8jP67vCc"
Date: Thu, 27 Jul 2023 00:13:26 GMT
Via: 1.1 vegur

{
    "firstname": "James",
    "lastname": "o",
    "totalprice": 112,
    "depositpaid": true,
    "bookingdates": {
        "checkin": "2018-01-01",
        "checkout": "2019-01-01"
    },
    "additionalneeds": "Breakfast"
}
Request method:	PUT
Request URI:	https://restful-booker.herokuapp.com/booking/1
Proxy:			<none>
Request params:	<none>
Query params:	<none>
Form params:	<none>
Path params:	<none>
Headers:		Authorization=Basic YWRtaW46cGFzc3dvcmQxMjM=
				Accept=*/*
				Content-Type=application/json
Cookies:		<none>
Multiparts:		<none>
Body:
src\test\resources\json\BookingUpdateBooking.json
HTTP/1.1 200 OK
Server: Cowboy
Connection: keep-alive
X-Powered-By: Express
Content-Type: application/json; charset=utf-8
Content-Length: 166
Etag: W/"a6-mQGIp/M6T7COTd13vnX8jP67vCc"
Date: Thu, 27 Jul 2023 00:13:27 GMT
Via: 1.1 vegur

{
    "firstname": "James",
    "lastname": "o",
    "totalprice": 112,
    "depositpaid": true,
    "bookingdates": {
        "checkin": "2018-01-01",
        "checkout": "2019-01-01"
    },
    "additionalneeds": "Breakfast"
}
Request method:	PUT
Request URI:	https://restful-booker.herokuapp.com/booking/1
Proxy:			<none>
Request params:	<none>
Query params:	<none>
Form params:	<none>
Path params:	<none>
Headers:		Authorization=Basic YWRtaW46cGFzc3dvcmQxMjM=
				Accept=*/*
				Content-Type=application/json
Cookies:		<none>
Multiparts:		<none>
Body:
src\test\resources\json\BookingUpdateBooking.json
HTTP/1.1 200 OK
Server: Cowboy
Connection: keep-alive
X-Powered-By: Express
Content-Type: application/json; charset=utf-8
Content-Length: 166
Etag: W/"a6-mQGIp/M6T7COTd13vnX8jP67vCc"
Date: Thu, 27 Jul 2023 00:13:28 GMT
Via: 1.1 vegur

{
    "firstname": "James",
    "lastname": "o",
    "totalprice": 112,
    "depositpaid": true,
    "bookingdates": {
        "checkin": "2018-01-01",
        "checkout": "2019-01-01"
    },
    "additionalneeds": "Breakfast"
}
]]></system-out>
  <system-err><![CDATA[????????????????????????????????????????????????????????????????????????????
? View your Cucumber Report at:                                            ?
? https://reports.cucumber.io/reports/53b47703-d8f3-4dd5-be5b-5646837837e8 ?
?                                                                          ?
? This report will self-destruct in 24h.                                   ?
? Keep reports forever: https://reports.cucumber.io/profile                ?
????????????????????????????????????????????????????????????????????????????]]></system-err>
</testsuite>
